# JRE version: Java(TM) SE Runtime Environment (8.0_65-b17) (build 1.8.0_65-b17)
# Java VM: Java HotSpot(TM) 64-Bit Server VM (25.65-b01 mixed mode windows-amd64 compressed oops)
Heap:
 PSYoungGen      total 305152K, used 239920K [0x00000000eab00000, 0x00000000fe380000, 0x0000000100000000)
  eden space 292352K, 82% used [0x00000000eab00000,0x00000000f954c2e0,0x00000000fc880000)
  from space 12800K, 0% used [0x00000000fd700000,0x00000000fd700000,0x00000000fe380000)
  to   space 13824K, 0% used [0x00000000fc880000,0x00000000fc880000,0x00000000fd600000)
 ParOldGen       total 61952K, used 42558K [0x00000000c0000000, 0x00000000c3c80000, 0x00000000eab00000)
  object space 61952K, 68% used [0x00000000c0000000,0x00000000c298f898,0x00000000c3c80000)
 Metaspace       used 48320K, capacity 50790K, committed 51072K, reserved 1093632K
  class space    used 6600K, capacity 7188K, committed 7296K, reserved 1048576K
GC Heap History (10 events):
Event: 44.047 GC heap before
{Heap before GC invocations=16 (full 2):
 PSYoungGen      total 152576K, used 71366K [0x00000000eab00000, 0x00000000f9400000, 0x0000000100000000)
  eden space 141312K, 42% used [0x00000000eab00000,0x00000000ee5b95a0,0x00000000f3500000)
  from space 11264K, 99% used [0x00000000f3500000,0x00000000f3ff8320,0x00000000f4000000)
  to   space 16384K, 0% used [0x00000000f8400000,0x00000000f8400000,0x00000000f9400000)
 ParOldGen       total 61952K, used 25920K [0x00000000c0000000, 0x00000000c3c80000, 0x00000000eab00000)
  object space 61952K, 41% used [0x00000000c0000000,0x00000000c1950330,0x00000000c3c80000)
 Metaspace       used 42867K, capacity 44480K, committed 44672K, reserved 1087488K
  class space    used 5981K, capacity 6404K, committed 6528K, reserved 1048576K
Event: 44.091 GC heap after
Heap after GC invocations=16 (full 2):
 PSYoungGen      total 220160K, used 5705K [0x00000000eab00000, 0x00000000f9200000, 0x0000000100000000)
  eden space 205824K, 0% used [0x00000000eab00000,0x00000000eab00000,0x00000000f7400000)
  from space 14336K, 39% used [0x00000000f8400000,0x00000000f89925c0,0x00000000f9200000)
  to   space 15360K, 0% used [0x00000000f7400000,0x00000000f7400000,0x00000000f8300000)
 ParOldGen       total 61952K, used 37157K [0x00000000c0000000, 0x00000000c3c80000, 0x00000000eab00000)
  object space 61952K, 59% used [0x00000000c0000000,0x00000000c2449730,0x00000000c3c80000)
 Metaspace       used 42867K, capacity 44480K, committed 44672K, reserved 1087488K
  class space    used 5981K, capacity 6404K, committed 6528K, reserved 1048576K
}
Event: 44.091 GC heap before
{Heap before GC invocations=17 (full 3):
 PSYoungGen      total 220160K, used 5705K [0x00000000eab00000, 0x00000000f9200000, 0x0000000100000000)
  eden space 205824K, 0% used [0x00000000eab00000,0x00000000eab00000,0x00000000f7400000)
  from space 14336K, 39% used [0x00000000f8400000,0x00000000f89925c0,0x00000000f9200000)
  to   space 15360K, 0% used [0x00000000f7400000,0x00000000f7400000,0x00000000f8300000)
 ParOldGen       total 61952K, used 37157K [0x00000000c0000000, 0x00000000c3c80000, 0x00000000eab00000)
  object space 61952K, 59% used [0x00000000c0000000,0x00000000c2449730,0x00000000c3c80000)
 Metaspace       used 42867K, capacity 44480K, committed 44672K, reserved 1087488K
  class space    used 5981K, capacity 6404K, committed 6528K, reserved 1048576K
Event: 44.483 GC heap after
Heap after GC invocations=17 (full 3):
 PSYoungGen      total 220160K, used 0K [0x00000000eab00000, 0x00000000f9200000, 0x0000000100000000)
  eden space 205824K, 0% used [0x00000000eab00000,0x00000000eab00000,0x00000000f7400000)
  from space 14336K, 0% used [0x00000000f8400000,0x00000000f8400000,0x00000000f9200000)
  to   space 15360K, 0% used [0x00000000f7400000,0x00000000f7400000,0x00000000f8300000)
 ParOldGen       total 61952K, used 37537K [0x00000000c0000000, 0x00000000c3c80000, 0x00000000eab00000)
  object space 61952K, 60% used [0x00000000c0000000,0x00000000c24a87c0,0x00000000c3c80000)
 Metaspace       used 42867K, capacity 44480K, committed 44672K, reserved 1087488K
  class space    used 5981K, capacity 6404K, committed 6528K, reserved 1048576K
}
Event: 671.714 GC heap before
{Heap before GC invocations=18 (full 3):
 PSYoungGen      total 220160K, used 205824K [0x00000000eab00000, 0x00000000f9200000, 0x0000000100000000)
  eden space 205824K, 100% used [0x00000000eab00000,0x00000000f7400000,0x00000000f7400000)
  from space 14336K, 0% used [0x00000000f8400000,0x00000000f8400000,0x00000000f9200000)
  to   space 15360K, 0% used [0x00000000f7400000,0x00000000f7400000,0x00000000f8300000)
 ParOldGen       total 61952K, used 37537K [0x00000000c0000000, 0x00000000c3c80000, 0x00000000eab00000)
  object space 61952K, 60% used [0x00000000c0000000,0x00000000c24a87c0,0x00000000c3c80000)
 Metaspace       used 44857K, capacity 46872K, committed 46976K, reserved 1089536K
  class space    used 6207K, capacity 6714K, committed 6784K, reserved 1048576K
Event: 671.721 GC heap after
Heap after GC invocations=18 (full 3):
 PSYoungGen      total 221184K, used 4112K [0x00000000eab00000, 0x00000000fe580000, 0x0000000100000000)
  eden space 205824K, 0% used [0x00000000eab00000,0x00000000eab00000,0x00000000f7400000)
  from space 15360K, 26% used [0x00000000f7400000,0x00000000f7804148,0x00000000f8300000)
  to   space 14848K, 0% used [0x00000000fd700000,0x00000000fd700000,0x00000000fe580000)
 ParOldGen       total 61952K, used 37545K [0x00000000c0000000, 0x00000000c3c80000, 0x00000000eab00000)
  object space 61952K, 60% used [0x00000000c0000000,0x00000000c24aa7c0,0x00000000c3c80000)
 Metaspace       used 44857K, capacity 46872K, committed 46976K, reserved 1089536K
  class space    used 6207K, capacity 6714K, committed 6784K, reserved 1048576K
}
Event: 672.904 GC heap before
{Heap before GC invocations=19 (full 3):
 PSYoungGen      total 221184K, used 114906K [0x00000000eab00000, 0x00000000fe580000, 0x0000000100000000)
  eden space 205824K, 53% used [0x00000000eab00000,0x00000000f1732760,0x00000000f7400000)
  from space 15360K, 26% used [0x00000000f7400000,0x00000000f7804148,0x00000000f8300000)
  to   space 14848K, 0% used [0x00000000fd700000,0x00000000fd700000,0x00000000fe580000)
 ParOldGen       total 61952K, used 37545K [0x00000000c0000000, 0x00000000c3c80000, 0x00000000eab00000)
  object space 61952K, 60% used [0x00000000c0000000,0x00000000c24aa7c0,0x00000000c3c80000)
 Metaspace       used 45955K, capacity 48176K, committed 48384K, reserved 1091584K
  class space    used 6333K, capacity 6860K, committed 6912K, reserved 1048576K
Event: 672.913 GC heap after
Heap after GC invocations=19 (full 3):
 PSYoungGen      total 305152K, used 4772K [0x00000000eab00000, 0x00000000fe380000, 0x0000000100000000)
  eden space 292352K, 0% used [0x00000000eab00000,0x00000000eab00000,0x00000000fc880000)
  from space 12800K, 37% used [0x00000000fd700000,0x00000000fdba9328,0x00000000fe380000)
  to   space 13824K, 0% used [0x00000000fc880000,0x00000000fc880000,0x00000000fd600000)
 ParOldGen       total 61952K, used 39574K [0x00000000c0000000, 0x00000000c3c80000, 0x00000000eab00000)
  object space 61952K, 63% used [0x00000000c0000000,0x00000000c26a5980,0x00000000c3c80000)
 Metaspace       used 45955K, capacity 48176K, committed 48384K, reserved 1091584K
  class space    used 6333K, capacity 6860K, committed 6912K, reserved 1048576K
}
Event: 672.913 GC heap before
{Heap before GC invocations=20 (full 4):
 PSYoungGen      total 305152K, used 4772K [0x00000000eab00000, 0x00000000fe380000, 0x0000000100000000)
  eden space 292352K, 0% used [0x00000000eab00000,0x00000000eab00000,0x00000000fc880000)
  from space 12800K, 37% used [0x00000000fd700000,0x00000000fdba9328,0x00000000fe380000)
  to   space 13824K, 0% used [0x00000000fc880000,0x00000000fc880000,0x00000000fd600000)
 ParOldGen       total 61952K, used 39574K [0x00000000c0000000, 0x00000000c3c80000, 0x00000000eab00000)
  object space 61952K, 63% used [0x00000000c0000000,0x00000000c26a5980,0x00000000c3c80000)
 Metaspace       used 45955K, capacity 48176K, committed 48384K, reserved 1091584K
  class space    used 6333K, capacity 6860K, committed 6912K, reserved 1048576K
Event: 673.412 GC heap after
Heap after GC invocations=20 (full 4):
 PSYoungGen      total 305152K, used 0K [0x00000000eab00000, 0x00000000fe380000, 0x0000000100000000)
  eden space 292352K, 0% used [0x00000000eab00000,0x00000000eab00000,0x00000000fc880000)
  from space 12800K, 0% used [0x00000000fd700000,0x00000000fd700000,0x00000000fe380000)
  to   space 13824K, 0% used [0x00000000fc880000,0x00000000fc880000,0x00000000fd600000)
 ParOldGen       total 61952K, used 42558K [0x00000000c0000000, 0x00000000c3c80000, 0x00000000eab00000)
  object space 61952K, 68% used [0x00000000c0000000,0x00000000c298f898,0x00000000c3c80000)
 Metaspace       used 45878K, capacity 48024K, committed 48384K, reserved 1091584K
  class space    used 6309K, capacity 6832K, committed 6912K, reserved 1048576K
}

